Iteration 200 --> Error: 0.20455931160092602
Iteration 400 --> Error: 0.18718015313450223
Iteration 600 --> Error: 0.186110259767234
Iteration 800 --> Error: 0.18466275027014872
Iteration 1000 --> Error: 0.18549359809789662
Iteration 1200 --> Error: 0.17716065959491623
Iteration 1400 --> Error: 0.17395973883134086
Iteration 1600 --> Error: 0.1838897591162787
Iteration 1800 --> Error: 0.17492095031578073
Iteration 2000 --> Error: 0.18750483045062805
Iteration 2200 --> Error: 0.17377912559042114
Iteration 2400 --> Error: 0.17492933421690987
Iteration 2600 --> Error: 0.17474442706284393
Iteration 2800 --> Error: 0.175267309811204
Iteration 3000 --> Error: 0.1734953358951918
Iteration 3200 --> Error: 0.17355761108656376
Iteration 3400 --> Error: 0.1735605522176604
Iteration 3600 --> Error: 0.17403351713457357
Iteration 3800 --> Error: 0.17358959584401115
Iteration 4000 --> Error: 0.1734670427879707
Iteration 4200 --> Error: 0.17359606368659133
Iteration 4400 --> Error: 0.17412111133012534
Iteration 4600 --> Error: 0.17352413366280103
Iteration 4800 --> Error: 0.173428265317637
Iteration 5000 --> Error: 0.17339923082605832
Gender of ABEL -> Male (85% sure)
Gender of ADELA -> Female (70% sure)
Gender of ADELINA -> Female (79% sure)
Gender of ADRIAN -> Male (85% sure)
Gender of ALBERTO -> Male (84% sure)
Gender of ALEJANDRA -> Female (73% sure)
Gender of ALEXIA -> Female (74% sure)
Gender of ALVARO -> Male (85% sure)
Gender of ANA -> Female (78% sure)
Gender of ANDREA -> Female (74% sure)
Gender of ANGEL -> Male (85% sure)
Gender of ANNE-SOPHIE -> Male (81% sure)
Gender of ARANZAZU -> Male (73% sure)
Gender of ATIKA -> Female (69% sure)
Gender of AZUCENA -> Female (79% sure)
Gender of BEATRIZ -> Male (59% sure)
Gender of BENJAMIN -> Male (83% sure)
Gender of BRAULIO -> Male (84% sure)
Gender of CARLA -> Female (70% sure)
Gender of CAROLINA -> Female (78% sure)
Gender of CECILIA -> Female (79% sure)
Gender of CELINA -> Female (74% sure)
Gender of CESAR -> Male (81% sure)
Gender of CLARA -> Female (70% sure)
Gender of CLAUDIA -> Female (79% sure)
Gender of CRISANTO -> Male (82% sure)
Gender of CRISTIAN -> Male (83% sure)
Gender of CRISTINA -> Female (78% sure)
Gender of DANIEL -> Male (85% sure)
Gender of DANIELA -> Female (79% sure)
Gender of DAVID -> Male (55% sure)
Gender of DOLORES -> Male (81% sure)
Gender of DOMINGO -> Male (84% sure)
Gender of EDUARDO -> Male (84% sure)
Gender of ELENA -> Female (70% sure)
Gender of ELSA -> Female (73% sure)
Gender of ENRIQUETA -> Female (73% sure)
Gender of ENZO -> Male (86% sure)
Gender of ERNESTO -> Male (84% sure)
Gender of ESTEBAN -> Male (84% sure)
Gender of ETELVINA -> Female (78% sure)
Gender of FEDERICO -> Male (83% sure)
Gender of FERNANDO -> Male (83% sure)
Gender of FIDEL -> Male (85% sure)
Gender of FRUCTUOSO -> Male (87% sure)
Gender of GABINA -> Female (74% sure)
Gender of GUILLERMO -> Male (86% sure)
Gender of HASSAN -> Male (85% sure)
Gender of HILARIO -> Male (84% sure)
Gender of IGNACIO -> Male (84% sure)
Gender of ILEANA -> Female (74% sure)
Gender of INES -> Male (83% sure)
Gender of ISAAC -> Female (51% sure)
Gender of ISABEL -> Male (85% sure)
Gender of ISMAEL -> Male (85% sure)
Gender of ISOLINA -> Female (79% sure)
Gender of IVAN -> Male (86% sure)
Gender of JACOBO -> Male (85% sure)
Gender of JAIME -> Male (62% sure)
Gender of JAIRO -> Male (84% sure)
Gender of JAVIER -> Male (83% sure)
Gender of JESUS -> Male (79% sure)
Gender of JOAN -> Male (87% sure)
Gender of JONAS -> Male (80% sure)
Gender of JOSE -> Male (60% sure)
Gender of JOSEFA -> Female (74% sure)
Gender of JOVITA -> Female (74% sure)
Gender of JUANA -> Female (69% sure)
Gender of JUDIT -> Male (79% sure)
Gender of KARY -> Male (68% sure)
Gender of LARO -> Male (87% sure)
Gender of LAURA -> Female (70% sure)
Gender of LAURENT -> Male (79% sure)
Gender of LORENZO -> Male (84% sure)
Gender of LUCAS -> Male (81% sure)
Gender of LUCIA -> Female (69% sure)
Gender of LUIS -> Male (83% sure)
Gender of MANUEL -> Male (85% sure)
Gender of MARGARITA -> Female (73% sure)
Gender of MARIA -> Female (69% sure)
Gender of MARINA -> Female (74% sure)
Gender of MARIO -> Male (84% sure)
Gender of MARTA -> Female (70% sure)
Gender of MARTIN -> Male (85% sure)
Gender of MATEO -> Male (84% sure)
Gender of MAXIMINO -> Male (83% sure)
Gender of MIGUEL -> Male (85% sure)
Gender of MILAGROS -> Male (77% sure)
Gender of MIRKA -> Female (69% sure)
Gender of MONICA -> Female (74% sure)
Gender of NAIARA -> Female (74% sure)
Gender of NATALIA -> Female (79% sure)
Gender of NAYADE -> Male (59% sure)
Gender of NOELIA -> Female (74% sure)
Gender of NURIA -> Female (68% sure)
Gender of OLIVIA -> Female (74% sure)
Gender of OSCAR -> Male (82% sure)
Gender of PABLO -> Male (84% sure)
Gender of PATRICIA -> Female (77% sure)
Gender of PATRICK -> Male (81% sure)
Gender of PAULA -> Female (69% sure)
Gender of PEDRO -> Male (84% sure)
Gender of RAFAEL -> Male (85% sure)
Gender of RAMON -> Male (85% sure)
Gender of RAQUEL -> Male (85% sure)
Gender of RAUL -> Male (86% sure)
Gender of REYES -> Male (79% sure)
Gender of ROBERTO -> Male (84% sure)
Gender of ROCIO -> Male (85% sure)
Gender of RODOLFO -> Male (84% sure)
Gender of RODRIGO -> Male (84% sure)
Gender of ROMAN -> Male (85% sure)
Gender of ROSARIO -> Male (84% sure)
Gender of RUBEN -> Male (85% sure)
Gender of RUTH -> Male (77% sure)
Gender of SALVADOR -> Male (80% sure)
Gender of SAMUEL -> Male (85% sure)
Gender of SANTIAGO -> Male (83% sure)
Gender of SARA -> Female (73% sure)
Gender of SELENE -> Male (59% sure)
Gender of SHAMIRA -> Female (79% sure)
Gender of SHEYLA -> Female (74% sure)
Gender of SOFIA -> Female (69% sure)
Gender of SOLEDAD -> Female (55% sure)
Gender of SUSANA -> Female (74% sure)
Gender of TARIQ -> Male (82% sure)
Gender of TERESA -> Female (74% sure)
Gender of TOMOKO -> Male (85% sure)
Gender of VALENTIN -> Male (83% sure)
Gender of VALERIA -> Female (79% sure)
Gender of VICTORIANO -> Male (85% sure)
Gender of YAIZA -> Female (70% sure)
Gender of YOEL -> Male (86% sure)