Iteration 200 --> Error: 0.18796391387550213
Iteration 400 --> Error: 0.1890965326252793
Iteration 600 --> Error: 0.1826339103942097
Iteration 800 --> Error: 0.18039137556827028
Iteration 1000 --> Error: 0.17669247515295283
Iteration 1200 --> Error: 0.1755241579295335
Iteration 1400 --> Error: 0.17410541192747173
Iteration 1600 --> Error: 0.1766601788973005
Iteration 1800 --> Error: 0.1726199676372189
Iteration 2000 --> Error: 0.17411242310931319
Iteration 2200 --> Error: 0.17055374713015886
Iteration 2400 --> Error: 0.17850268445906745
Iteration 2600 --> Error: 0.1711397307838376
Iteration 2800 --> Error: 0.18755479164428693
Iteration 3000 --> Error: 0.1707069410451541
Iteration 3200 --> Error: 0.17054430870276008
Iteration 3400 --> Error: 0.17212365057649087
Iteration 3600 --> Error: 0.17250606690189318
Iteration 3800 --> Error: 0.16974243749845705
Iteration 4000 --> Error: 0.17072715132529598
Iteration 4200 --> Error: 0.17948876778778106
Iteration 4400 --> Error: 0.16987025345143145
Iteration 4600 --> Error: 0.17238933849775442
Iteration 4800 --> Error: 0.17002023461791907
Iteration 5000 --> Error: 0.17110825586128978
Gender of ABEL -> Male (87% sure)
Gender of ADELA -> Female (67% sure)
Gender of ADELINA -> Female (77% sure)
Gender of ADRIAN -> Male (87% sure)
Gender of ALBERTO -> Male (86% sure)
Gender of ALEJANDRA -> Female (83% sure)
Gender of ALEXIA -> Female (67% sure)
Gender of ALVARO -> Male (86% sure)
Gender of ANA -> Female (73% sure)
Gender of ANDREA -> Female (68% sure)
Gender of ANGEL -> Male (86% sure)
Gender of ANNE-SOPHIE -> Male (73% sure)
Gender of ARANZAZU -> Male (75% sure)
Gender of ATIKA -> Female (64% sure)
Gender of AZUCENA -> Female (80% sure)
Gender of BEATRIZ -> Male (64% sure)
Gender of BENJAMIN -> Male (85% sure)
Gender of BRAULIO -> Male (87% sure)
Gender of CARLA -> Female (64% sure)
Gender of CAROLINA -> Female (81% sure)
Gender of CECILIA -> Female (76% sure)
Gender of CELINA -> Female (71% sure)
Gender of CESAR -> Male (84% sure)
Gender of CLARA -> Female (69% sure)
Gender of CLAUDIA -> Female (77% sure)
Gender of CRISANTO -> Male (85% sure)
Gender of CRISTIAN -> Male (85% sure)
Gender of CRISTINA -> Female (81% sure)
Gender of DANIEL -> Male (86% sure)
Gender of DANIELA -> Female (79% sure)
Gender of DAVID -> Male (65% sure)
Gender of DOLORES -> Male (83% sure)
Gender of DOMINGO -> Male (86% sure)
Gender of EDUARDO -> Male (85% sure)
Gender of ELENA -> Female (67% sure)
Gender of ELSA -> Female (62% sure)
Gender of ENRIQUETA -> Female (83% sure)
Gender of ENZO -> Male (87% sure)
Gender of ERNESTO -> Male (86% sure)
Gender of ESTEBAN -> Male (86% sure)
Gender of ETELVINA -> Female (81% sure)
Gender of FEDERICO -> Male (85% sure)
Gender of FERNANDO -> Male (85% sure)
Gender of FIDEL -> Male (85% sure)
Gender of FRUCTUOSO -> Male (89% sure)
Gender of GABINA -> Female (72% sure)
Gender of GUILLERMO -> Male (89% sure)
Gender of HASSAN -> Male (87% sure)
Gender of HILARIO -> Male (86% sure)
Gender of IGNACIO -> Male (86% sure)
Gender of ILEANA -> Female (74% sure)
Gender of INES -> Male (85% sure)
Gender of ISAAC -> Male (54% sure)
Gender of ISABEL -> Male (85% sure)
Gender of ISMAEL -> Male (86% sure)
Gender of ISOLINA -> Female (78% sure)
Gender of IVAN -> Male (88% sure)
Gender of JACOBO -> Male (87% sure)
Gender of JAIME -> Male (68% sure)
Gender of JAIRO -> Male (85% sure)
Gender of JAVIER -> Male (86% sure)
Gender of JESUS -> Male (83% sure)
Gender of JOAN -> Male (87% sure)
Gender of JONAS -> Male (83% sure)
Gender of JOSE -> Male (73% sure)
Gender of JOSEFA -> Female (71% sure)
Gender of JOVITA -> Female (71% sure)
Gender of JUANA -> Female (67% sure)
Gender of JUDIT -> Male (82% sure)
Gender of KARY -> Male (72% sure)
Gender of LARO -> Male (87% sure)
Gender of LAURA -> Female (64% sure)
Gender of LAURENT -> Male (80% sure)
Gender of LORENZO -> Male (86% sure)
Gender of LUCAS -> Male (83% sure)
Gender of LUCIA -> Female (66% sure)
Gender of LUIS -> Male (85% sure)
Gender of MANUEL -> Male (87% sure)
Gender of MARGARITA -> Female (83% sure)
Gender of MARIA -> Female (64% sure)
Gender of MARINA -> Female (70% sure)
Gender of MARIO -> Male (86% sure)
Gender of MARTA -> Female (65% sure)
Gender of MARTIN -> Male (87% sure)
Gender of MATEO -> Male (86% sure)
Gender of MAXIMINO -> Male (85% sure)
Gender of MIGUEL -> Male (86% sure)
Gender of MILAGROS -> Male (80% sure)
Gender of MIRKA -> Female (63% sure)
Gender of MONICA -> Female (70% sure)
Gender of NAIARA -> Female (74% sure)
Gender of NATALIA -> Female (79% sure)
Gender of NAYADE -> Male (66% sure)
Gender of NOELIA -> Female (71% sure)
Gender of NURIA -> Female (61% sure)
Gender of OLIVIA -> Female (68% sure)
Gender of OSCAR -> Male (84% sure)
Gender of PABLO -> Male (85% sure)
Gender of PATRICIA -> Female (81% sure)
Gender of PATRICK -> Male (84% sure)
Gender of PAULA -> Female (63% sure)
Gender of PEDRO -> Male (85% sure)
Gender of RAFAEL -> Male (86% sure)
Gender of RAMON -> Male (86% sure)
Gender of RAQUEL -> Male (87% sure)
Gender of RAUL -> Male (87% sure)
Gender of REYES -> Male (83% sure)
Gender of ROBERTO -> Male (87% sure)
Gender of ROCIO -> Male (86% sure)
Gender of RODOLFO -> Male (87% sure)
Gender of RODRIGO -> Male (87% sure)
Gender of ROMAN -> Male (86% sure)
Gender of ROSARIO -> Male (86% sure)
Gender of RUBEN -> Male (86% sure)
Gender of RUTH -> Male (83% sure)
Gender of SALVADOR -> Male (82% sure)
Gender of SAMUEL -> Male (87% sure)
Gender of SANTIAGO -> Male (85% sure)
Gender of SARA -> Female (63% sure)
Gender of SELENE -> Male (65% sure)
Gender of SHAMIRA -> Female (78% sure)
Gender of SHEYLA -> Female (68% sure)
Gender of SOFIA -> Female (66% sure)
Gender of SOLEDAD -> Male (51% sure)
Gender of SUSANA -> Female (74% sure)
Gender of TARIQ -> Male (85% sure)
Gender of TERESA -> Female (73% sure)
Gender of TOMOKO -> Male (87% sure)
Gender of VALENTIN -> Male (85% sure)
Gender of VALERIA -> Female (77% sure)
Gender of VICTORIANO -> Male (86% sure)
Gender of YAIZA -> Female (69% sure)
Gender of YOEL -> Male (87% sure)